TN:
SF:lib\index.ts
FN:3,(anonymous_7)
FN:17,(anonymous_9)
FN:28,(anonymous_10)
FN:43,(anonymous_11)
FN:67,(anonymous_12)
FN:98,(anonymous_13)
FN:143,(anonymous_14)
FN:162,(anonymous_16)
FNF:8
FNH:8
FNDA:10,(anonymous_7)
FNDA:312,(anonymous_9)
FNDA:8,(anonymous_10)
FNDA:100,(anonymous_11)
FNDA:9,(anonymous_12)
FNDA:7,(anonymous_13)
FNDA:2,(anonymous_14)
FNDA:2,(anonymous_16)
DA:1,1
DA:3,1
DA:17,1
DA:18,312
DA:19,8
DA:20,8
DA:23,304
DA:24,304
DA:25,304
DA:28,1
DA:29,8
DA:30,8
DA:43,1
DA:44,100
DA:46,100
DA:47,99
DA:48,99
DA:49,99
DA:50,99
DA:53,1
DA:67,1
DA:68,9
DA:69,1
DA:72,8
DA:73,1
DA:76,7
DA:77,1
DA:80,6
DA:81,6
DA:82,670
DA:85,6
DA:98,1
DA:99,7
DA:100,1
DA:103,6
DA:104,2
DA:105,2
DA:108,4
DA:109,1
DA:112,3
DA:113,3
DA:114,3
DA:115,180
DA:116,180
DA:119,3
DA:120,2
DA:121,1
DA:122,1
DA:123,1
DA:126,1
DA:127,1
DA:130,1
DA:143,1
DA:144,2
DA:146,3
DA:147,3
DA:148,1
DA:162,1
DA:163,2
DA:165,5
DA:166,6
DA:168,3
DA:169,3
DA:170,4
DA:173,3
DA:174,1
DA:176,2
DA:180,1
LF:68
LH:68
BRDA:18,0,0,8
BRDA:18,0,1,304
BRDA:46,1,0,99
BRDA:46,1,1,1
BRDA:68,2,0,1
BRDA:68,2,1,8
BRDA:72,3,0,1
BRDA:72,3,1,7
BRDA:76,4,0,1
BRDA:76,4,1,6
BRDA:81,5,0,676
BRDA:81,5,1,673
BRDA:99,6,0,1
BRDA:99,6,1,6
BRDA:103,7,0,2
BRDA:103,7,1,4
BRDA:108,8,0,1
BRDA:108,8,1,3
BRDA:114,9,0,183
BRDA:114,9,1,181
BRDA:119,10,0,2
BRDA:119,10,1,1
BRDA:120,11,0,1
BRDA:120,11,1,1
BRDA:146,12,0,1
BRDA:146,12,1,2
BRDA:165,13,0,2
BRDA:165,13,1,3
BRDA:169,14,0,7
BRDA:169,14,1,6
BRDA:173,15,0,1
BRDA:173,15,1,2
BRDA:173,16,0,3
BRDA:173,16,1,2
BRF:34
BRH:34
end_of_record
TN:
SF:lib\node.ts
FN:1,(anonymous_0)
FN:5,Node
FNF:2
FNH:2
FNDA:1,(anonymous_0)
FNDA:412,Node
DA:1,1
DA:6,412
DA:7,412
DA:9,1
LF:4
LH:4
BRF:0
BRH:0
end_of_record
